<?xml version="1.0" encoding="UTF-8"?>
<!-- Generated by org.testng.reporters.JUnitReportReporter -->
<testsuite hostname="DESKTOP-3ICPAHO" failures="0" tests="1" name="javacorepractice.com.StreamsTests" time="0.024" errors="0" timestamp="2022-02-23T15:10:08 IST" skipped="0">
  <testcase classname="javacorepractice.com.StreamsTests" name="regular" time="0.024"/>
  <system-out/>
</testsuite> <!-- javacorepractice.com.StreamsTests -->
